<?xml version="1.0" encoding="UTF-8"?>
<!-- Generated by org.testng.reporters.JUnitReportReporter -->
<testsuite hostname="LAPTOP-0EL9TCSI" name="testcase.w3schools.SampleReportExtent" tests="1" failures="0" timestamp="7 Mar 2020 19:28:55 GMT" time="12.653" errors="0">
  <testcase name="extentReportsDemo" time="12.653" classname="testcase.w3schools.SampleReportExtent"/>
</testsuite> <!-- testcase.w3schools.SampleReportExtent -->
