<?xml version="1.0" encoding="UTF-8"?>
<!-- Generated by org.testng.reporters.JUnitReportReporter -->
<testsuite hostname="LAPTOP-0EL9TCSI" name="testcase.w3schools.Testcase" tests="1" failures="0" timestamp="8 Mar 2020 18:47:13 GMT" time="17.298" errors="0">
  <testcase name="testCaseForW3SChools" time="17.298" classname="testcase.w3schools.Testcase"/>
</testsuite> <!-- testcase.w3schools.Testcase -->
